<?xml version="1.0" encoding="UTF-8"?>
<!-- Generated by org.testng.reporters.JUnitXMLReporter -->
<testsuite ignored="2" hostname="Suvam" failures="0" tests="1" name="Default test" time="19.303" errors="0" timestamp="2024-07-23T13:14:49 IST">
  <testcase classname="com.comcast.crm.contacttest.ContactTest" name="createContact" time="11.688"/>
  <testcase classname="com.comcast.crm.contacttest.ContactTest" name="createContactWithOrg" time="0.0">
    <ignored/>
  </testcase> <!-- createContactWithOrg -->
  <testcase classname="com.comcast.crm.contacttest.ContactTest" name="createContactWithSupportDateTest" time="0.0">
    <ignored/>
  </testcase> <!-- createContactWithSupportDateTest -->
</testsuite> <!-- Default test -->
