<?xml version="1.0" encoding="UTF-8"?>
<!-- Generated by org.testng.reporters.JUnitXMLReporter -->
<testsuite ignored="2" hostname="Suvam" failures="0" tests="6" name="TestRunner-Edge" time="116.588" errors="0" timestamp="2024-07-18T10:35:17 IST">
  <testcase classname="com.comcast.crm.orgtest.OrganizationTest" name="CreateOrganizationWithPhoneNo" time="11.164"/>
  <testcase classname="com.comcast.crm.orgtest.OrganizationTest" name="createOrganizationTest" time="10.631"/>
  <testcase classname="com.comcast.crm.orgtest.OrganizationTest" name="reateOrganizationWithIndustries" time="12.707"/>
  <testcase classname="com.comcast.crm.contacttest.ContactTest" name="createContact" time="10.597"/>
  <testcase classname="com.comcast.crm.contacttest.ContactTest" name="createContactWithOrg" time="21.657"/>
  <testcase classname="com.comcast.crm.contacttest.ContactTest" name="createContactWithSupportDateTest" time="10.323"/>
  <testcase classname="com.comcast.crm.contacttest.BaseClass" name="@AfterSuite afterSuite" time="0.0">
    <ignored/>
  </testcase> <!-- @AfterSuite afterSuite -->
  <testcase classname="com.comcast.crm.contacttest.BaseClass" name="@BeforeSuite configBS" time="0.0">
    <ignored/>
  </testcase> <!-- @BeforeSuite configBS -->
</testsuite> <!-- TestRunner-Edge -->
