<?xml version="1.0" encoding="UTF-8"?>
<!-- Generated by org.testng.reporters.JUnitXMLReporter -->
<testsuite ignored="2" hostname="Suvam" failures="0" tests="6" name="TestRunner-Firefox" time="117.385" errors="0" timestamp="2024-07-18T10:35:18 IST">
  <testcase classname="com.comcast.crm.orgtest.OrganizationTest" name="CreateOrganizationWithPhoneNo" time="11.406"/>
  <testcase classname="com.comcast.crm.orgtest.OrganizationTest" name="createOrganizationTest" time="11.347"/>
  <testcase classname="com.comcast.crm.orgtest.OrganizationTest" name="reateOrganizationWithIndustries" time="12.126"/>
  <testcase classname="com.comcast.crm.contacttest.ContactTest" name="createContact" time="10.59"/>
  <testcase classname="com.comcast.crm.contacttest.ContactTest" name="createContactWithOrg" time="21.432"/>
  <testcase classname="com.comcast.crm.contacttest.ContactTest" name="createContactWithSupportDateTest" time="9.781"/>
  <testcase classname="com.comcast.crm.contacttest.BaseClass" name="@AfterSuite afterSuite" time="0.0">
    <ignored/>
  </testcase> <!-- @AfterSuite afterSuite -->
  <testcase classname="com.comcast.crm.contacttest.BaseClass" name="@BeforeSuite configBS" time="0.0">
    <ignored/>
  </testcase> <!-- @BeforeSuite configBS -->
</testsuite> <!-- TestRunner-Firefox -->
