<?xml version="1.0" encoding="UTF-8"?>
<testng-results ignored="2" total="3" passed="1" failed="0" skipped="0">
  <reporter-output>
  </reporter-output>
  <suite started-at="2024-07-23T13:14:30 IST" name="Default suite" finished-at="2024-07-23T13:14:49 IST" duration-ms="19303">
    <groups>
    </groups>
    <test started-at="2024-07-23T13:14:30 IST" name="Default test" finished-at="2024-07-23T13:14:49 IST" duration-ms="19303">
      <class name="com.comcast.crm.contacttest.ContactTest">
        <test-method is-config="true" signature="configBS()[pri:0, instance:com.comcast.crm.contacttest.ContactTest@8f4ea7c]" started-at="2024-07-23T13:14:30 IST" name="configBS" finished-at="2024-07-23T13:14:30 IST" duration-ms="191" status="PASS">
          <reporter-output>
          </reporter-output>
        </test-method> <!-- configBS -->
        <test-method is-config="true" signature="configBC()[pri:0, instance:com.comcast.crm.contacttest.ContactTest@8f4ea7c]" started-at="2024-07-23T13:14:30 IST" name="configBC" finished-at="2024-07-23T13:14:31 IST" duration-ms="1412" status="PASS">
          <reporter-output>
          </reporter-output>
        </test-method> <!-- configBC -->
        <test-method is-config="true" signature="configBM()[pri:0, instance:com.comcast.crm.contacttest.ContactTest@8f4ea7c]" started-at="2024-07-23T13:14:31 IST" name="configBM" finished-at="2024-07-23T13:14:35 IST" duration-ms="3996" status="PASS">
          <reporter-output>
          </reporter-output>
        </test-method> <!-- configBM -->
        <test-method signature="createContact()[pri:0, instance:com.comcast.crm.contacttest.ContactTest@8f4ea7c]" started-at="2024-07-23T13:14:35 IST" name="createContact" finished-at="2024-07-23T13:14:47 IST" duration-ms="11688" status="PASS">
          <reporter-output>
          </reporter-output>
        </test-method> <!-- createContact -->
        <test-method is-config="true" signature="configAM()[pri:0, instance:com.comcast.crm.contacttest.ContactTest@8f4ea7c]" started-at="2024-07-23T13:14:47 IST" name="configAM" finished-at="2024-07-23T13:14:49 IST" duration-ms="1719" status="PASS">
          <reporter-output>
          </reporter-output>
        </test-method> <!-- configAM -->
        <test-method is-config="true" signature="configAC()[pri:0, instance:com.comcast.crm.contacttest.ContactTest@8f4ea7c]" started-at="2024-07-23T13:14:49 IST" name="configAC" finished-at="2024-07-23T13:14:49 IST" duration-ms="210" status="PASS">
          <reporter-output>
          </reporter-output>
        </test-method> <!-- configAC -->
        <test-method is-config="true" signature="afterSuite()[pri:0, instance:com.comcast.crm.contacttest.ContactTest@8f4ea7c]" started-at="2024-07-23T13:14:49 IST" name="afterSuite" finished-at="2024-07-23T13:14:49 IST" duration-ms="32" status="PASS">
          <reporter-output>
          </reporter-output>
        </test-method> <!-- afterSuite -->
      </class> <!-- com.comcast.crm.contacttest.ContactTest -->
    </test> <!-- Default test -->
  </suite> <!-- Default suite -->
</testng-results>
